Arguments: 
  C:\Program Files\nodejs\node.exe C:\Users\ABCD\AppData\Roaming\npm\node_modules\yarn\bin\yarn.js add antd

PATH: 
  C:\WINDOWS\system32;C:\WINDOWS;C:\WINDOWS\System32\Wbem;C:\WINDOWS\System32\WindowsPowerShell\v1.0\;C:\WINDOWS\System32\OpenSSH\;C:\Program Files\nodejs\;C:\Program Files\Git\cmd;C:\Program Files\dotnet\;C:\Users\ABCD\AppData\Local\Programs\Python\Python38\Scripts\;C:\Users\ABCD\AppData\Local\Programs\Python\Python38\;C:\Users\ABCD\AppData\Local\Microsoft\WindowsApps;C:\Users\ABCD\AppData\Local\Programs\Microsoft VS Code\bin;C:\Users\ABCD\AppData\Roaming\npm;C:\Program Files\MongoDB\Server\5.0\bin;

Yarn version: 
  1.22.18

Node version: 
  14.17.5

Platform: 
  win32 x64

Trace: 
  Error: getaddrinfo ENOTFOUND registry.yarnpkg.com
      at GetAddrInfoReqWrap.onlookup [as oncomplete] (dns.js:69:26)

npm manifest: 
  {
    "name": "user-task",
    "version": "1.0.0",
    "description": "",
    "main": "index.js",
    "scripts": {
      "test": "echo \"Error: no test specified\" && exit 1",
      "start": "nodemon index.js"
    },
    "author": "",
    "license": "ISC",
    "dependencies": {
      "cors": "^2.8.5",
      "express": "^4.18.1",
      "moment": "^2.29.4",
      "mongoose": "^6.5.3",
      "nodemon": "^2.0.19"
    }
  }

yarn manifest: 
  No manifest

Lockfile: 
  No lockfile
